<?xml version="1.0" encoding="UTF-8"?>
<!-- Generated by org.testng.reporters.JUnitXMLReporter -->
<testsuite ignored="0" hostname="COLLABPH1002991" failures="0" tests="3" name="Test Case - Validate Loan and EMI" time="142.491" errors="0" timestamp="2023-11-21T14:44:52 PST">
  <testcase classname="scripts.TC01_ValidateLoanAndEMI" name="Fin_01" time="13.32"/>
  <testcase classname="scripts.TC01_ValidateLoanAndEMI" name="Fin_02" time="49.054"/>
  <testcase classname="scripts.TC01_ValidateLoanAndEMI" name="Fin_03" time="49.493"/>
</testsuite> <!-- Test Case - Validate Loan and EMI -->
