<?xml version="1.0" encoding="UTF-8"?>
<!-- Generated by org.testng.reporters.JUnitXMLReporter -->
<testsuite ignored="1" hostname="COLLABPH1002991" failures="0" tests="2" name="Test Case 01 - Validate Home" time="234.566" errors="0" timestamp="2023-11-20T22:06:40 PST">
  <testcase classname="scripts.TC01_ValidateLoanAndEMI" name="Fin_01" time="155.71"/>
  <testcase classname="scripts.TC01_ValidateLoanAndEMI" name="Fin_02" time="63.408"/>
  <testcase classname="scripts.TC01_ValidateLoanAndEMI" name="Fin_03" time="0.0">
    <ignored/>
  </testcase> <!-- Fin_03 -->
</testsuite> <!-- Test Case 01 - Validate Home -->
