<?xml version="1.0" encoding="UTF-8"?>
<!-- Generated by org.testng.reporters.JUnitXMLReporter -->
<testsuite ignored="1" hostname="COLLABPH1002991" failures="0" tests="2" name="Test Case 01 - Validate Home" time="219.15" errors="0" timestamp="2023-11-21T10:06:02 PST">
  <testcase classname="scripts.TC01_ValidateLoanAndEMI" name="Fin_01" time="153.916"/>
  <testcase classname="scripts.TC01_ValidateLoanAndEMI" name="Fin_02" time="58.616"/>
  <testcase classname="scripts.TC01_ValidateLoanAndEMI" name="Fin_03" time="0.0">
    <ignored/>
  </testcase> <!-- Fin_03 -->
</testsuite> <!-- Test Case 01 - Validate Home -->
