<?xml version="1.0" encoding="UTF-8"?>
<!-- Generated by org.testng.reporters.JUnitXMLReporter -->
<testsuite ignored="1" hostname="COLLABPH1002991" failures="0" tests="1" name="Test Case - Invalid Inputs - Loan Basic Page" time="92.621" errors="0" timestamp="2023-12-20T16:56:15 PST">
  <testcase classname="scripts.TC01_InvalidLoanAndEMI" name="Fin_04" time="65.473"/>
  <testcase classname="scripts.TC01_InvalidLoanAndEMI" name="Fin_05" time="0.0">
    <ignored/>
  </testcase> <!-- Fin_05 -->
</testsuite> <!-- Test Case - Invalid Inputs - Loan Basic Page -->
