<?xml version="1.0" encoding="UTF-8"?>
<!-- Generated by org.testng.reporters.JUnitXMLReporter -->
<testsuite ignored="2" hostname="COLLABPH1002991" failures="0" tests="1" name="Test Case - Validate Vehicle Loan" time="125.3" errors="0" timestamp="2023-12-20T13:56:08 PST">
  <testcase classname="scripts.TC01_ValidateLoanAndEMI" name="Fin_03" time="95.948"/>
  <testcase classname="scripts.TC01_ValidateLoanAndEMI" name="Fin_02" time="0.0">
    <ignored/>
  </testcase> <!-- Fin_02 -->
  <testcase classname="scripts.TC01_ValidateLoanAndEMI" name="Fin_01" time="0.0">
    <ignored/>
  </testcase> <!-- Fin_01 -->
</testsuite> <!-- Test Case - Validate Vehicle Loan -->
