<?xml version="1.0" encoding="UTF-8"?>
<testng-results ignored="0" total="3" passed="3" failed="0" skipped="0">
  <reporter-output>
  </reporter-output>
  <suite started-at="2023-11-21T15:26:06 PST" name="iFinibo Automate" finished-at="2023-11-21T15:28:28 PST" duration-ms="142399">
    <groups>
    </groups>
    <test started-at="2023-11-21T15:26:06 PST" name="Test Case - Validate Loan and EMI" finished-at="2023-11-21T15:28:28 PST" duration-ms="142399">
      <class name="scripts.TC01_ValidateLoanAndEMI">
        <test-method is-config="true" signature="setupReport()[pri:0, instance:scripts.TC01_ValidateLoanAndEMI@1d131e1b]" started-at="2023-11-21T15:26:05 PST" name="setupReport" finished-at="2023-11-21T15:26:06 PST" duration-ms="314" status="PASS">
          <reporter-output>
          </reporter-output>
        </test-method> <!-- setupReport -->
        <test-method is-config="true" signature="setUpRunEnv()[pri:0, instance:scripts.TC01_ValidateLoanAndEMI@1d131e1b]" started-at="2023-11-21T15:26:06 PST" name="setUpRunEnv" finished-at="2023-11-21T15:26:31 PST" duration-ms="25091" status="PASS">
          <reporter-output>
          </reporter-output>
        </test-method> <!-- setUpRunEnv -->
        <test-method signature="Fin_01()[pri:0, instance:scripts.TC01_ValidateLoanAndEMI@1d131e1b]" started-at="2023-11-21T15:26:31 PST" name="Fin_01" finished-at="2023-11-21T15:26:43 PST" duration-ms="12175" status="PASS">
          <reporter-output>
          </reporter-output>
        </test-method> <!-- Fin_01 -->
        <test-method is-config="true" signature="afterMethod(org.testng.ITestResult)[pri:0, instance:scripts.TC01_ValidateLoanAndEMI@1d131e1b]" started-at="2023-11-21T15:26:43 PST" name="afterMethod" finished-at="2023-11-21T15:26:43 PST" duration-ms="4" status="PASS">
          <params>
            <param index="0">
              <value>
                <![CDATA[[TestResult name=Fin_01 status=SUCCESS method=TC01_ValidateLoanAndEMI.Fin_01()[pri:0, instance:scripts.TC01_ValidateLoanAndEMI@1d131e1b] output={null}]]]>
              </value>
            </param>
          </params>
          <reporter-output>
          </reporter-output>
        </test-method> <!-- afterMethod -->
        <test-method signature="Fin_02()[pri:0, instance:scripts.TC01_ValidateLoanAndEMI@1d131e1b]" started-at="2023-11-21T15:26:43 PST" name="Fin_02" finished-at="2023-11-21T15:27:34 PST" duration-ms="51021" status="PASS">
          <reporter-output>
          </reporter-output>
        </test-method> <!-- Fin_02 -->
        <test-method is-config="true" signature="afterMethod(org.testng.ITestResult)[pri:0, instance:scripts.TC01_ValidateLoanAndEMI@1d131e1b]" started-at="2023-11-21T15:27:34 PST" name="afterMethod" finished-at="2023-11-21T15:27:34 PST" duration-ms="0" status="PASS">
          <params>
            <param index="0">
              <value>
                <![CDATA[[TestResult name=Fin_02 status=SUCCESS method=TC01_ValidateLoanAndEMI.Fin_02()[pri:0, instance:scripts.TC01_ValidateLoanAndEMI@1d131e1b] output={null}]]]>
              </value>
            </param>
          </params>
          <reporter-output>
          </reporter-output>
        </test-method> <!-- afterMethod -->
        <test-method signature="Fin_03()[pri:0, instance:scripts.TC01_ValidateLoanAndEMI@1d131e1b]" started-at="2023-11-21T15:27:34 PST" name="Fin_03" finished-at="2023-11-21T15:28:25 PST" duration-ms="51401" status="PASS">
          <reporter-output>
          </reporter-output>
        </test-method> <!-- Fin_03 -->
        <test-method is-config="true" signature="afterMethod(org.testng.ITestResult)[pri:0, instance:scripts.TC01_ValidateLoanAndEMI@1d131e1b]" started-at="2023-11-21T15:28:25 PST" name="afterMethod" finished-at="2023-11-21T15:28:25 PST" duration-ms="0" status="PASS">
          <params>
            <param index="0">
              <value>
                <![CDATA[[TestResult name=Fin_03 status=SUCCESS method=TC01_ValidateLoanAndEMI.Fin_03()[pri:0, instance:scripts.TC01_ValidateLoanAndEMI@1d131e1b] output={null}]]]>
              </value>
            </param>
          </params>
          <reporter-output>
          </reporter-output>
        </test-method> <!-- afterMethod -->
        <test-method is-config="true" signature="tearDown()[pri:0, instance:scripts.TC01_ValidateLoanAndEMI@1d131e1b]" started-at="2023-11-21T15:28:25 PST" name="tearDown" finished-at="2023-11-21T15:28:28 PST" duration-ms="2660" status="PASS">
          <reporter-output>
          </reporter-output>
        </test-method> <!-- tearDown -->
        <test-method is-config="true" signature="endTest()[pri:0, instance:scripts.TC01_ValidateLoanAndEMI@1d131e1b]" started-at="2023-11-21T15:28:28 PST" name="endTest" finished-at="2023-11-21T15:28:29 PST" duration-ms="433" status="PASS">
          <reporter-output>
          </reporter-output>
        </test-method> <!-- endTest -->
      </class> <!-- scripts.TC01_ValidateLoanAndEMI -->
    </test> <!-- Test Case - Validate Loan and EMI -->
  </suite> <!-- iFinibo Automate -->
</testng-results>
