<?xml version="1.0" encoding="UTF-8"?>
<!-- Generated by org.testng.reporters.JUnitXMLReporter -->
<testsuite ignored="0" hostname="COLLABPH1002991" failures="0" tests="3" name="Test Case - Validate Loan and EMI" time="26.103" errors="0" timestamp="2023-11-21T13:54:15 PST">
  <testcase classname="common.BaseClass" name="@BeforeTest setUpRunEnv" time="26.034">
    <failure type="java.lang.NullPointerException" message="Cannot invoke &amp;quot;org.openqa.selenium.JavascriptExecutor.executeScript(String, Object[])&amp;quot; because &amp;quot;this.jse&amp;quot; is null">
      <![CDATA[java.lang.NullPointerException: Cannot invoke "org.openqa.selenium.JavascriptExecutor.executeScript(String, Object[])" because "this.jse" is null
at common.BaseClass.setUpRunEnv(BaseClass.java:53)
... Removed 28 stack frames]]>
    </failure>
  </testcase> <!-- @BeforeTest setUpRunEnv -->
  <testcase classname="common.BaseClass" name="@AfterMethod afterMethod" time="0.006">
    <failure type="java.lang.NullPointerException" message="Cannot invoke &amp;quot;com.relevantcodes.extentreports.ExtentTest.log(com.relevantcodes.extentreports.LogStatus, String)&amp;quot; because &amp;quot;utils.ExtentReportsUtil.logger&amp;quot; is null">
      <![CDATA[java.lang.NullPointerException: Cannot invoke "com.relevantcodes.extentreports.ExtentTest.log(com.relevantcodes.extentreports.LogStatus, String)" because "utils.ExtentReportsUtil.logger" is null
at utils.ExtentReportsUtil.getExtentResult(ExtentReportsUtil.java:32)
at common.BaseClass.afterMethod(BaseClass.java:66)
at java.base/java.util.ArrayList.forEach(ArrayList.java:1511)
... Removed 36 stack frames]]>
    </failure>
  </testcase> <!-- @AfterMethod afterMethod -->
  <testcase classname="common.BaseClass" name="@AfterMethod afterMethod" time="0.0">
    <failure type="java.lang.NullPointerException" message="Cannot invoke &amp;quot;com.relevantcodes.extentreports.ExtentTest.log(com.relevantcodes.extentreports.LogStatus, String)&amp;quot; because &amp;quot;utils.ExtentReportsUtil.logger&amp;quot; is null">
      <![CDATA[java.lang.NullPointerException: Cannot invoke "com.relevantcodes.extentreports.ExtentTest.log(com.relevantcodes.extentreports.LogStatus, String)" because "utils.ExtentReportsUtil.logger" is null
at utils.ExtentReportsUtil.getExtentResult(ExtentReportsUtil.java:32)
at common.BaseClass.afterMethod(BaseClass.java:66)
at java.base/java.util.ArrayList.forEach(ArrayList.java:1511)
... Removed 36 stack frames]]>
    </failure>
  </testcase> <!-- @AfterMethod afterMethod -->
  <testcase classname="common.BaseClass" name="@AfterMethod afterMethod" time="0.001">
    <failure type="java.lang.NullPointerException" message="Cannot invoke &amp;quot;com.relevantcodes.extentreports.ExtentTest.log(com.relevantcodes.extentreports.LogStatus, String)&amp;quot; because &amp;quot;utils.ExtentReportsUtil.logger&amp;quot; is null">
      <![CDATA[java.lang.NullPointerException: Cannot invoke "com.relevantcodes.extentreports.ExtentTest.log(com.relevantcodes.extentreports.LogStatus, String)" because "utils.ExtentReportsUtil.logger" is null
at utils.ExtentReportsUtil.getExtentResult(ExtentReportsUtil.java:32)
at common.BaseClass.afterMethod(BaseClass.java:66)
at java.base/java.util.ArrayList.forEach(ArrayList.java:1511)
... Removed 36 stack frames]]>
    </failure>
  </testcase> <!-- @AfterMethod afterMethod -->
  <testcase classname="common.BaseClass" name="@AfterTest tearDown" time="0.0">
    <skipped/>
  </testcase> <!-- @AfterTest tearDown -->
  <testcase classname="scripts.TC01_ValidateLoanAndEMI" name="Fin_01" time="0.0">
    <skipped/>
  </testcase> <!-- Fin_01 -->
  <testcase classname="scripts.TC01_ValidateLoanAndEMI" name="Fin_02" time="0.0">
    <skipped/>
  </testcase> <!-- Fin_02 -->
  <testcase classname="scripts.TC01_ValidateLoanAndEMI" name="Fin_03" time="0.0">
    <skipped/>
  </testcase> <!-- Fin_03 -->
</testsuite> <!-- Test Case - Validate Loan and EMI -->
